Yuumi
Milio
Ivern
Zilean
Nami
Janna
lulu
Jarvan IV
Sejuani
Zac
Braum
Bard
Sona
Rammus
Lillia
Rell
Naafiri
Rakan
Soraka
Rek'Sai
Shen
Jhin
Evelynn
xerath
nocturne
Anivia
Seraphine
Senna
Hecarim
Thresh
Skarner
Lee Sin
ahri
Taric
Orianna
LeBlanc
Renata Glasc
Karma
Nunu & Willump
Galio
Shaco
Morgana
Kha'Zix
Alistar
Wukong
Lux
Maokai
Viego
Ekko
Blitzcrank
Fiddlesticks
Talon
Zoe
Kassadin
Aurelion Sol
Vi
Malphite
Shyvana
Leona
Ornn
Xin Zhao
Sivir
Kai'Sa
Mel
Swain
Hwei
Graves
Lucian
Ezreal
Nautilus
Zed
Amumu
Lissandra
Ziggs
Bel'Veth
Miss Fortune
Elise
Poppy
Taliyah
Xayah
Aurora
Vex
Tristana
Gragas
Twisted Fate
Corki
Tahm Kench
Vel'Koz
Twitch
Zeri
Nidalee
Karthus
Kayn
Neeko
Jinx
Udyr
Katarina
Zyra
viktor
Akali
Akshan
Veigar
Pantheon
Kindred
Ashe
Varus
Smolder
Fizz
Syndra
Diana
Nilah
Pyke
Briar
Kog'Maw
Ryze
Warwick
Qiyana
Vladimir
Malzahar
Samira
Cho'Gath
Annie
Rengar
Dr. Mundo
Kled
Gangplank
Volibear
Quinn
Caitlyn
Vayne
Sylas
Gwen
Master Yi
K'Sante
Brand
Kennen
Rumble
Urgot
yorick
Kalista
garen
Draven
Cassiopeia
Ambessa
Aphelios
Azir
Nasus
Aatrox
Camille
Renekton
Darius
Riven
Singed
Gnar
Kayle
Olaf
Mordekaiser
Jayce
Sion
Teemo
Heimerdinger
Sett
Jax
Tryndamere
Yasuo
Trundle
Yone
Irelia
Fiora
Illaoi
